<?xml version="1.0" encoding="UTF-8"?>
<!-- Generated by org.testng.reporters.JUnitReportReporter -->
<testsuite hostname="WJLP-3124" failures="0" tests="1" name="Tests.NavigatetoOptimaInboxes" time="138.237" errors="0" timestamp="2022-02-01T12:32:34 IST" skipped="0">
  <testcase classname="Tests.NavigatetoOptimaInboxes" name="NavigateToApplicationPage" time="138.237"/>
  <system-out/>
</testsuite> <!-- Tests.NavigatetoOptimaInboxes -->
