<?xml version="1.0" encoding="UTF-8"?>
<!-- Generated by org.testng.reporters.JUnitReportReporter -->
<testsuite hostname="WJLP-3124" failures="0" tests="2" name="SourceCode.BlazeCal" time="0.108" errors="0" timestamp="2022-06-02T10:41:12 IST" skipped="0">
  <testcase classname="SourceCode.BlazeCal" name="readresponse" time="0.062"/>
  <system-out/>
  <testcase classname="SourceCode.BlazeCal" name="calculation" time="0.046"/>
  <system-out/>
</testsuite> <!-- SourceCode.BlazeCal -->
