<?xml version="1.0" encoding="UTF-8"?>
<!-- Generated by org.testng.reporters.JUnitReportReporter -->
<testsuite hostname="WJLP-1069" name="Tests.BlazeCallTest" tests="2" failures="0" timestamp="19 Sep 2019 05:51:41 GMT" time="11.673" errors="0">
  <testcase name="BlazeCallForCreditDecissionAndVerifyBlazeCalculations" time="9.956" classname="Tests.BlazeCallTest"/>
  <testcase name="BlazeCallForCreditDecissionAndVerifyBlazeCalculations2" time="1.717" classname="Tests.BlazeCallTest"/>
</testsuite> <!-- Tests.BlazeCallTest -->
