<?xml version="1.0" encoding="UTF-8"?>
<!-- Generated by org.testng.reporters.JUnitReportReporter -->
<testsuite hostname="WJLP-3124" failures="0" tests="1" name="Tests.NavigatetoIRISInboxes" time="136.005" errors="0" timestamp="2022-04-13T08:52:49 IST" skipped="0">
  <testcase classname="Tests.NavigatetoIRISInboxes" name="NavigateToApplicationPage" time="136.005"/>
  <system-out/>
</testsuite> <!-- Tests.NavigatetoIRISInboxes -->
