<?xml version="1.0" encoding="UTF-8"?>
<!-- Generated by org.testng.reporters.JUnitReportReporter -->
<testsuite hostname="WJLP-1069" name="Tests.WatsappbotWebServiceCall" tests="1" failures="0" timestamp="14 Aug 2019 05:40:09 GMT" time="8.611" errors="0">
  <testcase name="WatsappBot_WebServiceCall" time="8.611" classname="Tests.WatsappbotWebServiceCall"/>
</testsuite> <!-- Tests.WatsappbotWebServiceCall -->
