<?xml version="1.0" encoding="UTF-8"?>
<!-- Generated by org.testng.reporters.JUnitReportReporter -->
<testsuite hostname="WJLP-3124" failures="0" tests="5" name="Tests.PodiumRead" time="0.015" errors="0" timestamp="2022-06-10T18:12:20 IST" skipped="0">
  <testcase classname="Tests.PodiumRead" name="vehicleprice" time="0.005"/>
  <system-out/>
  <testcase classname="Tests.PodiumRead" name="totalfinaceamount" time="0.008"/>
  <system-out/>
  <testcase classname="Tests.PodiumRead" name="Term" time="0.001"/>
  <system-out/>
  <testcase classname="Tests.PodiumRead" name="Deposit" time="0.001"/>
  <system-out/>
  <testcase classname="Tests.PodiumRead" name="Extras" time="0.000"/>
  <system-out/>
</testsuite> <!-- Tests.PodiumRead -->
