<?xml version="1.0" encoding="UTF-8"?>
<!-- Generated by org.testng.reporters.JUnitReportReporter -->
<testsuite hostname="WJLP-3124" failures="0" tests="9" name="Tests.NavigateToOptimaPagesTest" time="217.596" errors="0" timestamp="2022-02-01T17:03:28 IST" skipped="0">
  <testcase classname="Tests.NavigateToOptimaPagesTest" name="NavigateToApplicationPage" time="77.350"/>
  <system-out/>
  <testcase classname="Tests.NavigateToOptimaPagesTest" name="NavigateToCreditDecissionPage" time="14.602"/>
  <system-out/>
  <testcase classname="Tests.NavigateToOptimaPagesTest" name="NavigateToValidationPage" time="10.750"/>
  <system-out/>
  <testcase classname="Tests.NavigateToOptimaPagesTest" name="NavigateToVerificationPage" time="10.168"/>
  <system-out/>
  <testcase classname="Tests.NavigateToOptimaPagesTest" name="NavigateToInvoicePage" time="13.871"/>
  <system-out/>
  <testcase classname="Tests.NavigateToOptimaPagesTest" name="NavigateToContractPage" time="11.176"/>
  <system-out/>
  <testcase classname="Tests.NavigateToOptimaPagesTest" name="NavigateToDataImportLog" time="25.232"/>
  <system-out/>
  <testcase classname="Tests.NavigateToOptimaPagesTest" name="NavigateToDecisionSummary" time="27.231"/>
  <system-out/>
  <testcase classname="Tests.NavigateToOptimaPagesTest" name="NavigateToIntegrationStatus" time="27.216"/>
  <system-out/>
</testsuite> <!-- Tests.NavigateToOptimaPagesTest -->
