<?xml version="1.0" encoding="UTF-8"?>
<!-- Generated by org.testng.reporters.JUnitReportReporter -->
<testsuite hostname="WJLP-1069" name="Tests.TestPostMethod" tests="1" failures="0" timestamp="18 Jun 2019 09:39:22 GMT" time="6.639" errors="0">
  <testcase name="postMethod" time="6.639" classname="Tests.TestPostMethod"/>
</testsuite> <!-- Tests.TestPostMethod -->
