<?xml version="1.0" encoding="UTF-8"?>
<!-- Generated by org.testng.reporters.JUnitReportReporter -->
<testsuite hostname="WJLP-3124" failures="0" tests="1" name="Tests.VerificationStage" time="61.332" errors="0" timestamp="2022-03-10T18:04:42 IST" skipped="0">
  <testcase classname="Tests.VerificationStage" name="kycOvverride" time="61.332"/>
  <system-out/>
</testsuite> <!-- Tests.VerificationStage -->
