<?xml version="1.0" encoding="UTF-8"?>
<!-- Generated by org.testng.reporters.JUnitReportReporter -->
<testsuite hostname="WJLP-1069" name="Tests.TestAPI" tests="3" failures="0" timestamp="13 Jun 2019 10:07:37 GMT" time="6.892" errors="0">
  <testcase name="GetMethod_assertBody" time="1.677" classname="Tests.TestAPI"/>
  <testcase name="GetMethod_testHeader" time="1.718" classname="Tests.TestAPI"/>
  <testcase name="GetMethod_statusCode" time="3.497" classname="Tests.TestAPI"/>
</testsuite> <!-- Tests.TestAPI -->
