<?xml version="1.0" encoding="UTF-8"?>
<!-- Generated by org.testng.reporters.JUnitReportReporter -->
<testsuite hostname="WJLP-1069" name="Tests.TestGetMethod" tests="4" failures="0" timestamp="13 Jun 2019 11:14:16 GMT" time="9.211" errors="0">
  <testcase name="GetMethod_assertBody" time="1.906" classname="Tests.TestGetMethod"/>
  <testcase name="GetMethod_testHeader" time="1.790" classname="Tests.TestGetMethod"/>
  <testcase name="RestAssured_Get" time="1.053" classname="Tests.TestGetMethod"/>
  <testcase name="GetMethod_statusCode" time="4.462" classname="Tests.TestGetMethod"/>
</testsuite> <!-- Tests.TestGetMethod -->
